  Building Custom Rule D:/Desktop/jonnlib/script/Maya/ranix/lcTool/make/CMakeLists.txt
  oaes_base64.c
..\..\pyconcrete_ext\openaes\src\oaes_base64.c(145,79): warning C4244: “=”: 从“__int64”转换到“uint8_t”，可能丢失数据
..\..\pyconcrete_ext\openaes\src\oaes_base64.c(166,77): warning C4244: “=”: 从“__int64”转换到“uint8_t”，可能丢失数据
  oaes_lib.c
..\..\pyconcrete_ext\openaes\src\oaes_lib.c(471,8): warning C4996: 'strcpy': This function or variable may be unsafe. Consider using strcpy_s instead. To disable deprecation, use _CRT_SECURE_NO_WARNINGS. See online help for details.
..\..\pyconcrete_ext\openaes\src\oaes_lib.c(475,10): warning C4013: “sprintf”未定义；假设外部返回 int
..\..\pyconcrete_ext\openaes\src\oaes_lib.c(476,9): warning C4996: 'strcat': This function or variable may be unsafe. Consider using strcat_s instead. To disable deprecation, use _CRT_SECURE_NO_WARNINGS. See online help for details.
..\..\pyconcrete_ext\openaes\src\oaes_lib.c(478,10): warning C4996: 'strcat': This function or variable may be unsafe. Consider using strcat_s instead. To disable deprecation, use _CRT_SECURE_NO_WARNINGS. See online help for details.
..\..\pyconcrete_ext\openaes\src\oaes_lib.c(515,41): warning C4311: “类型强制转换”: 从“char *”到“uint32_t”的指针截断
..\..\pyconcrete_ext\openaes\src\oaes_lib.c(511,12): warning C4996: 'gmtime': This function or variable may be unsafe. Consider using gmtime_s instead. To disable deprecation, use _CRT_SECURE_NO_WARNINGS. See online help for details.
..\..\pyconcrete_ext\openaes\src\oaes_lib.c(692,31): warning C4267: “=”: 从“size_t”转换到“uint8_t”，可能丢失数据
..\..\pyconcrete_ext\openaes\src\oaes_lib.c(1283,39): warning C4267: “=”: 从“size_t”转换到“uint8_t”，可能丢失数据
  pyconcrete.c
D:\program\pyconcrete-0.15.1\src\pyconcrete_ext\pyconcrete.c(100,47): warning C4267: “函数”: 从“size_t”转换到“int”，可能丢失数据
D:\program\pyconcrete-0.15.1\src\pyconcrete_ext\pyconcrete.c(75,15): warning C4996: 'fopen': This function or variable may be unsafe. Consider using fopen_s instead. To disable deprecation, use _CRT_SECURE_NO_WARNINGS. See online help for details.
D:\program\pyconcrete-0.15.1\src\pyconcrete_ext\pyconcrete.c(82,16): warning C4996: 'fopen': This function or variable may be unsafe. Consider using fopen_s instead. To disable deprecation, use _CRT_SECURE_NO_WARNINGS. See online help for details.
  pyconcrete_module.c
  正在生成代码...
    正在创建库 D:/program/pyconcrete-0.15.1/src/build/maya2019_win64/Release/aaa.lib 和对象 D:/program/pyconcrete-0.15.1/src/build/maya2019_win64/Release/aaa.exp
  aaa.vcxproj -> D:\program\pyconcrete-0.15.1\src\build\maya2019_win64\plug-ins\aaa.pyd
